<?xml version="1.0" encoding="UTF-8"?>
<testsuite errors="0" failures="0" file="classes_user_tests.py" name="classes_user_tests.Test-20190510210918" skipped="0" tests="2" time="0.005" timestamp="2019-05-10T21:09:19">
	<testcase classname="classes_user_tests.Test" file="unittests/classes_user_tests.py" line="13" name="test__select_count_by_email" time="0.002" timestamp="2019-05-10T21:09:19">
		<system-out>
<![CDATA[]]>		</system-out>
		<system-err>
<![CDATA[]]>		</system-err>
	</testcase>
	<testcase classname="classes_user_tests.Test" file="unittests/classes_user_tests.py" line="21" name="test_get_by_id" time="0.003" timestamp="2019-05-10T21:09:19">
		<system-out>
<![CDATA[]]>		</system-out>
		<system-err>
<![CDATA[]]>		</system-err>
	</testcase>
</testsuite>
