<?xml version="1.0" encoding="UTF-8"?>
<testsuite errors="0" failures="0" file="classes_user_tests.py" name="classes_user_tests.Test-20190510205100" skipped="0" tests="1" time="0.003" timestamp="2019-05-10T20:51:01">
	<testcase classname="classes_user_tests.Test" file="unittests/classes_user_tests.py" line="12" name="test_get_by_id" time="0.003" timestamp="2019-05-10T20:51:01">
		<system-out>
<![CDATA[<MagicMock name='_select_all_by_userid()' id='140187537678232'>
]]>		</system-out>
		<system-err>
<![CDATA[]]>		</system-err>
	</testcase>
</testsuite>
