<?xml version="1.0" encoding="UTF-8"?>
<testsuite errors="0" failures="0" file="classes_user_tests.py" name="classes_user_tests.Test-20190510205739" skipped="0" tests="1" time="0.001" timestamp="2019-05-10T20:57:40">
	<testcase classname="classes_user_tests.Test" file="unittests/classes_user_tests.py" line="12" name="test_get_by_id" time="0.001" timestamp="2019-05-10T20:57:40">
		<system-out>
<![CDATA[]]>		</system-out>
		<system-err>
<![CDATA[]]>		</system-err>
	</testcase>
</testsuite>
