<?xml version="1.0" encoding="UTF-8"?>
<testsuite errors="0" failures="0" file="classes_utils_tests.py" name="classes_utils_tests.Test-20190510204309" skipped="0" tests="1" time="0.006" timestamp="2019-05-10T20:43:09">
	<testcase classname="classes_utils_tests.Test" file="unittests/classes_utils_tests.py" line="12" name="test_md5" time="0.006" timestamp="2019-05-10T20:43:09">
		<system-out>
<![CDATA[]]>		</system-out>
		<system-err>
<![CDATA[]]>		</system-err>
	</testcase>
</testsuite>
